0 info it worked if it ends with ok
1 verbose cli [ '/Users/andrew.nix/.nvm/versions/node/v6.14.2/bin/node',
1 verbose cli   '/Users/andrew.nix/.nvm/versions/node/v6.14.2/bin/npm',
1 verbose cli   'run',
1 verbose cli   'dev' ]
2 info using npm@3.10.10
3 info using node@v6.14.2
4 verbose run-script [ 'predev', 'dev', 'postdev' ]
5 info lifecycle express-ts@1.0.0~predev: express-ts@1.0.0
6 silly lifecycle express-ts@1.0.0~predev: no script for predev, continuing
7 info lifecycle express-ts@1.0.0~dev: express-ts@1.0.0
8 verbose lifecycle express-ts@1.0.0~dev: unsafe-perm in lifecycle true
9 verbose lifecycle express-ts@1.0.0~dev: PATH: /Users/andrew.nix/.nvm/versions/node/v6.14.2/lib/node_modules/npm/bin/node-gyp-bin:/Users/andrew.nix/Dev/express-ts/node_modules/.bin:/Users/andrew.nix/.nvm/versions/node/v6.14.2/bin:/usr/local/openssl/bin:/usr/local/bin:/usr/bin:/bin:/usr/sbin:/sbin:/usr/local/apache-maven-3.5.2/bin
10 verbose lifecycle express-ts@1.0.0~dev: CWD: /Users/andrew.nix/Dev/express-ts
11 silly lifecycle express-ts@1.0.0~dev: Args: [ '-c', 'ts-node ./lib/server.ts' ]
12 silly lifecycle express-ts@1.0.0~dev: Returned: code: 1  signal: null
13 info lifecycle express-ts@1.0.0~dev: Failed to exec dev script
14 verbose stack Error: express-ts@1.0.0 dev: `ts-node ./lib/server.ts`
14 verbose stack Exit status 1
14 verbose stack     at EventEmitter.<anonymous> (/Users/andrew.nix/.nvm/versions/node/v6.14.2/lib/node_modules/npm/lib/utils/lifecycle.js:255:16)
14 verbose stack     at emitTwo (events.js:106:13)
14 verbose stack     at EventEmitter.emit (events.js:191:7)
14 verbose stack     at ChildProcess.<anonymous> (/Users/andrew.nix/.nvm/versions/node/v6.14.2/lib/node_modules/npm/lib/utils/spawn.js:40:14)
14 verbose stack     at emitTwo (events.js:106:13)
14 verbose stack     at ChildProcess.emit (events.js:191:7)
14 verbose stack     at maybeClose (internal/child_process.js:920:16)
14 verbose stack     at Process.ChildProcess._handle.onexit (internal/child_process.js:230:5)
15 verbose pkgid express-ts@1.0.0
16 verbose cwd /Users/andrew.nix/Dev/express-ts
17 error Darwin 17.4.0
18 error argv "/Users/andrew.nix/.nvm/versions/node/v6.14.2/bin/node" "/Users/andrew.nix/.nvm/versions/node/v6.14.2/bin/npm" "run" "dev"
19 error node v6.14.2
20 error npm  v3.10.10
21 error code ELIFECYCLE
22 error express-ts@1.0.0 dev: `ts-node ./lib/server.ts`
22 error Exit status 1
23 error Failed at the express-ts@1.0.0 dev script 'ts-node ./lib/server.ts'.
23 error Make sure you have the latest version of node.js and npm installed.
23 error If you do, this is most likely a problem with the express-ts package,
23 error not with npm itself.
23 error Tell the author that this fails on your system:
23 error     ts-node ./lib/server.ts
23 error You can get information on how to open an issue for this project with:
23 error     npm bugs express-ts
23 error Or if that isn't available, you can get their info via:
23 error     npm owner ls express-ts
23 error There is likely additional logging output above.
24 verbose exit [ 1, true ]
